{"/Users/matthewwilson/Desktop/Coding/the_odin_project/battleship/src/index.js": {"path":"/Users/matthewwilson/Desktop/Coding/the_odin_project/battleship/src/index.js","statementMap":{"0":{"start":{"line":5,"column":13},"end":{"line":7,"column":1}},"1":{"start":{"line":6,"column":2},"end":{"line":6,"column":11}},"2":{"start":{"line":9,"column":0},"end":{"line":9,"column":7}}},"fnMap":{"0":{"name":"(anonymous_0)","decl":{"start":{"line":5,"column":13},"end":{"line":5,"column":14}},"loc":{"start":{"line":5,"column":19},"end":{"line":7,"column":1}},"line":5}},"branchMap":{},"s":{"0":1,"1":2,"2":1},"f":{"0":2},"b":{},"_coverageSchema":"1a1c01bbd47fc00a2c39e90264f33305004495a9","hash":"a9d9385c64622bf0948b720b8ad80399b859efdd"}
,"/Users/matthewwilson/Desktop/Coding/the_odin_project/battleship/src/utils.js": {"path":"/Users/matthewwilson/Desktop/Coding/the_odin_project/battleship/src/utils.js","statementMap":{"0":{"start":{"line":1,"column":30},"end":{"line":3,"column":1}},"1":{"start":{"line":2,"column":2},"end":{"line":2,"column":59}}},"fnMap":{"0":{"name":"(anonymous_0)","decl":{"start":{"line":1,"column":30},"end":{"line":1,"column":31}},"loc":{"start":{"line":1,"column":44},"end":{"line":3,"column":1}},"line":1}},"branchMap":{},"s":{"0":2,"1":4},"f":{"0":4},"b":{},"_coverageSchema":"1a1c01bbd47fc00a2c39e90264f33305004495a9","hash":"a9f6bfea9f4097c746ff0bb5449c8db6f152d6a4"}
,"/Users/matthewwilson/Desktop/Coding/the_odin_project/battleship/src/factories/gameboard.js": {"path":"/Users/matthewwilson/Desktop/Coding/the_odin_project/battleship/src/factories/gameboard.js","statementMap":{"0":{"start":{"line":3,"column":18},"end":{"line":89,"column":1}},"1":{"start":{"line":4,"column":16},"end":{"line":4,"column":18}},"2":{"start":{"line":5,"column":16},"end":{"line":5,"column":66}},"3":{"start":{"line":5,"column":45},"end":{"line":5,"column":65}},"4":{"start":{"line":6,"column":23},"end":{"line":6,"column":28}},"5":{"start":{"line":7,"column":24},"end":{"line":7,"column":26}},"6":{"start":{"line":9,"column":20},"end":{"line":21,"column":3}},"7":{"start":{"line":10,"column":17},"end":{"line":10,"column":37}},"8":{"start":{"line":11,"column":4},"end":{"line":11,"column":21}},"9":{"start":{"line":12,"column":4},"end":{"line":20,"column":7}},"10":{"start":{"line":13,"column":6},"end":{"line":19,"column":7}},"11":{"start":{"line":14,"column":8},"end":{"line":14,"column":31}},"12":{"start":{"line":15,"column":8},"end":{"line":15,"column":12}},"13":{"start":{"line":17,"column":8},"end":{"line":17,"column":31}},"14":{"start":{"line":18,"column":8},"end":{"line":18,"column":12}},"15":{"start":{"line":29,"column":23},"end":{"line":38,"column":3}},"16":{"start":{"line":30,"column":25},"end":{"line":30,"column":36}},"17":{"start":{"line":33,"column":28},"end":{"line":33,"column":63}},"18":{"start":{"line":35,"column":4},"end":{"line":37,"column":24}},"19":{"start":{"line":36,"column":6},"end":{"line":36,"column":18}},"20":{"start":{"line":37,"column":11},"end":{"line":37,"column":24}},"21":{"start":{"line":40,"column":24},"end":{"line":66,"column":3}},"22":{"start":{"line":42,"column":19},"end":{"line":42,"column":30}},"23":{"start":{"line":44,"column":4},"end":{"line":65,"column":24}},"24":{"start":{"line":46,"column":6},"end":{"line":46,"column":38}},"25":{"start":{"line":49,"column":6},"end":{"line":64,"column":7}},"26":{"start":{"line":50,"column":8},"end":{"line":50,"column":29}},"27":{"start":{"line":51,"column":8},"end":{"line":51,"column":20}},"28":{"start":{"line":58,"column":25},"end":{"line":58,"column":45}},"29":{"start":{"line":59,"column":24},"end":{"line":59,"column":72}},"30":{"start":{"line":59,"column":47},"end":{"line":59,"column":71}},"31":{"start":{"line":60,"column":29},"end":{"line":60,"column":49}},"32":{"start":{"line":61,"column":8},"end":{"line":61,"column":37}},"33":{"start":{"line":62,"column":8},"end":{"line":62,"column":28}},"34":{"start":{"line":63,"column":8},"end":{"line":63,"column":20}},"35":{"start":{"line":65,"column":11},"end":{"line":65,"column":24}},"36":{"start":{"line":68,"column":30},"end":{"line":77,"column":3}},"37":{"start":{"line":74,"column":4},"end":{"line":76,"column":23}},"38":{"start":{"line":74,"column":34},"end":{"line":74,"column":53}},"39":{"start":{"line":75,"column":6},"end":{"line":75,"column":19}},"40":{"start":{"line":76,"column":11},"end":{"line":76,"column":23}},"41":{"start":{"line":79,"column":2},"end":{"line":88,"column":4}}},"fnMap":{"0":{"name":"(anonymous_0)","decl":{"start":{"line":3,"column":18},"end":{"line":3,"column":19}},"loc":{"start":{"line":3,"column":24},"end":{"line":89,"column":1}},"line":3},"1":{"name":"(anonymous_1)","decl":{"start":{"line":5,"column":38},"end":{"line":5,"column":39}},"loc":{"start":{"line":5,"column":45},"end":{"line":5,"column":65}},"line":5},"2":{"name":"(anonymous_2)","decl":{"start":{"line":9,"column":20},"end":{"line":9,"column":21}},"loc":{"start":{"line":9,"column":72},"end":{"line":21,"column":3}},"line":9},"3":{"name":"(anonymous_3)","decl":{"start":{"line":12,"column":20},"end":{"line":12,"column":21}},"loc":{"start":{"line":12,"column":34},"end":{"line":20,"column":5}},"line":12},"4":{"name":"(anonymous_4)","decl":{"start":{"line":29,"column":23},"end":{"line":29,"column":24}},"loc":{"start":{"line":29,"column":33},"end":{"line":38,"column":3}},"line":29},"5":{"name":"(anonymous_5)","decl":{"start":{"line":40,"column":24},"end":{"line":40,"column":25}},"loc":{"start":{"line":40,"column":34},"end":{"line":66,"column":3}},"line":40},"6":{"name":"(anonymous_6)","decl":{"start":{"line":59,"column":37},"end":{"line":59,"column":38}},"loc":{"start":{"line":59,"column":47},"end":{"line":59,"column":71}},"line":59},"7":{"name":"(anonymous_7)","decl":{"start":{"line":68,"column":30},"end":{"line":68,"column":31}},"loc":{"start":{"line":68,"column":36},"end":{"line":77,"column":3}},"line":68},"8":{"name":"(anonymous_8)","decl":{"start":{"line":74,"column":24},"end":{"line":74,"column":25}},"loc":{"start":{"line":74,"column":34},"end":{"line":74,"column":53}},"line":74}},"branchMap":{"0":{"loc":{"start":{"line":9,"column":43},"end":{"line":9,"column":67}},"type":"default-arg","locations":[{"start":{"line":9,"column":55},"end":{"line":9,"column":67}}],"line":9},"1":{"loc":{"start":{"line":13,"column":6},"end":{"line":19,"column":7}},"type":"if","locations":[{"start":{"line":13,"column":6},"end":{"line":19,"column":7}},{"start":{"line":16,"column":13},"end":{"line":19,"column":7}}],"line":13},"2":{"loc":{"start":{"line":35,"column":4},"end":{"line":37,"column":24}},"type":"if","locations":[{"start":{"line":35,"column":4},"end":{"line":37,"column":24}},{"start":{"line":37,"column":11},"end":{"line":37,"column":24}}],"line":35},"3":{"loc":{"start":{"line":44,"column":4},"end":{"line":65,"column":24}},"type":"if","locations":[{"start":{"line":44,"column":4},"end":{"line":65,"column":24}},{"start":{"line":65,"column":11},"end":{"line":65,"column":24}}],"line":44},"4":{"loc":{"start":{"line":49,"column":6},"end":{"line":64,"column":7}},"type":"if","locations":[{"start":{"line":49,"column":6},"end":{"line":64,"column":7}},{"start":{"line":52,"column":13},"end":{"line":64,"column":7}}],"line":49},"5":{"loc":{"start":{"line":74,"column":4},"end":{"line":76,"column":23}},"type":"if","locations":[{"start":{"line":74,"column":4},"end":{"line":76,"column":23}},{"start":{"line":76,"column":11},"end":{"line":76,"column":23}}],"line":74}},"s":{"0":2,"1":8,"2":8,"3":80,"4":8,"5":8,"6":8,"7":6,"8":6,"9":6,"10":20,"11":3,"12":3,"13":17,"14":17,"15":8,"16":9,"17":9,"18":9,"19":7,"20":2,"21":8,"22":7,"23":7,"24":6,"25":6,"26":4,"27":4,"28":2,"29":2,"30":2,"31":2,"32":2,"33":2,"34":2,"35":1,"36":8,"37":2,"38":3,"39":1,"40":1,"41":8},"f":{"0":8,"1":80,"2":6,"3":20,"4":9,"5":7,"6":2,"7":2,"8":3},"b":{"0":[0],"1":[3,17],"2":[7,2],"3":[6,1],"4":[4,2],"5":[1,1]},"_coverageSchema":"1a1c01bbd47fc00a2c39e90264f33305004495a9","hash":"dafdaaf72673e971efd9418ea2b9323802fb9e26"}
,"/Users/matthewwilson/Desktop/Coding/the_odin_project/battleship/src/factories/player.js": {"path":"/Users/matthewwilson/Desktop/Coding/the_odin_project/battleship/src/factories/player.js","statementMap":{"0":{"start":{"line":3,"column":15},"end":{"line":35,"column":1}},"1":{"start":{"line":4,"column":36},"end":{"line":8,"column":3}},"2":{"start":{"line":5,"column":12},"end":{"line":5,"column":39}},"3":{"start":{"line":6,"column":12},"end":{"line":6,"column":39}},"4":{"start":{"line":7,"column":4},"end":{"line":7,"column":20}},"5":{"start":{"line":14,"column":25},"end":{"line":22,"column":3}},"6":{"start":{"line":15,"column":17},"end":{"line":15,"column":44}},"7":{"start":{"line":17,"column":4},"end":{"line":19,"column":5}},"8":{"start":{"line":18,"column":6},"end":{"line":18,"column":43}},"9":{"start":{"line":21,"column":4},"end":{"line":21,"column":42}},"10":{"start":{"line":24,"column":17},"end":{"line":26,"column":3}},"11":{"start":{"line":25,"column":4},"end":{"line":25,"column":34}},"12":{"start":{"line":28,"column":2},"end":{"line":34,"column":4}}},"fnMap":{"0":{"name":"(anonymous_0)","decl":{"start":{"line":3,"column":15},"end":{"line":3,"column":16}},"loc":{"start":{"line":3,"column":43},"end":{"line":35,"column":1}},"line":3},"1":{"name":"(anonymous_1)","decl":{"start":{"line":4,"column":36},"end":{"line":4,"column":37}},"loc":{"start":{"line":4,"column":42},"end":{"line":8,"column":3}},"line":4},"2":{"name":"(anonymous_2)","decl":{"start":{"line":14,"column":25},"end":{"line":14,"column":26}},"loc":{"start":{"line":14,"column":40},"end":{"line":22,"column":3}},"line":14},"3":{"name":"(anonymous_3)","decl":{"start":{"line":24,"column":17},"end":{"line":24,"column":18}},"loc":{"start":{"line":24,"column":38},"end":{"line":26,"column":3}},"line":24}},"branchMap":{"0":{"loc":{"start":{"line":3,"column":22},"end":{"line":3,"column":38}},"type":"default-arg","locations":[{"start":{"line":3,"column":33},"end":{"line":3,"column":38}}],"line":3}},"s":{"0":2,"1":4,"2":2,"3":2,"4":2,"5":4,"6":1,"7":1,"8":0,"9":1,"10":4,"11":2,"12":4},"f":{"0":4,"1":2,"2":1,"3":2},"b":{"0":[0]},"_coverageSchema":"1a1c01bbd47fc00a2c39e90264f33305004495a9","hash":"5bf8d2ddc39ee212b94349cbd4a240fb65b6fa4d"}
,"/Users/matthewwilson/Desktop/Coding/the_odin_project/battleship/src/factories/ship.js": {"path":"/Users/matthewwilson/Desktop/Coding/the_odin_project/battleship/src/factories/ship.js","statementMap":{"0":{"start":{"line":1,"column":13},"end":{"line":6,"column":1}},"1":{"start":{"line":2,"column":13},"end":{"line":2,"column":74}},"2":{"start":{"line":2,"column":57},"end":{"line":2,"column":73}},"3":{"start":{"line":3,"column":14},"end":{"line":3,"column":56}},"4":{"start":{"line":3,"column":32},"end":{"line":3,"column":55}},"5":{"start":{"line":4,"column":17},"end":{"line":4,"column":65}},"6":{"start":{"line":4,"column":25},"end":{"line":4,"column":65}},"7":{"start":{"line":4,"column":51},"end":{"line":4,"column":64}},"8":{"start":{"line":5,"column":2},"end":{"line":5,"column":51}}},"fnMap":{"0":{"name":"(anonymous_0)","decl":{"start":{"line":1,"column":13},"end":{"line":1,"column":14}},"loc":{"start":{"line":1,"column":47},"end":{"line":6,"column":1}},"line":1},"1":{"name":"(anonymous_1)","decl":{"start":{"line":2,"column":50},"end":{"line":2,"column":51}},"loc":{"start":{"line":2,"column":57},"end":{"line":2,"column":73}},"line":2},"2":{"name":"(anonymous_2)","decl":{"start":{"line":3,"column":14},"end":{"line":3,"column":15}},"loc":{"start":{"line":3,"column":32},"end":{"line":3,"column":55}},"line":3},"3":{"name":"(anonymous_3)","decl":{"start":{"line":4,"column":17},"end":{"line":4,"column":18}},"loc":{"start":{"line":4,"column":25},"end":{"line":4,"column":65}},"line":4},"4":{"name":"(anonymous_4)","decl":{"start":{"line":4,"column":34},"end":{"line":4,"column":35}},"loc":{"start":{"line":4,"column":51},"end":{"line":4,"column":64}},"line":4}},"branchMap":{"0":{"loc":{"start":{"line":1,"column":30},"end":{"line":1,"column":42}},"type":"default-arg","locations":[{"start":{"line":1,"column":37},"end":{"line":1,"column":42}}],"line":1}},"s":{"0":3,"1":10,"2":37,"3":10,"4":5,"5":10,"6":2,"7":3,"8":10},"f":{"0":10,"1":37,"2":5,"3":2,"4":3},"b":{"0":[6]},"_coverageSchema":"1a1c01bbd47fc00a2c39e90264f33305004495a9","hash":"22789ab59cb92daa8696c96a710cd98cd545b0a1"}
}
