TN:
SF:src/index.js
FN:5,(anonymous_0)
FNF:1
FNH:1
FNDA:2,(anonymous_0)
DA:5,1
DA:6,2
DA:9,1
LF:3
LH:3
BRF:0
BRH:0
end_of_record
TN:
SF:src/utils.js
FN:1,(anonymous_0)
FNF:1
FNH:1
FNDA:4,(anonymous_0)
DA:1,2
DA:2,4
LF:2
LH:2
BRF:0
BRH:0
end_of_record
TN:
SF:src/factories/gameboard.js
FN:3,(anonymous_0)
FN:5,(anonymous_1)
FN:9,(anonymous_2)
FN:12,(anonymous_3)
FN:29,(anonymous_4)
FN:40,(anonymous_5)
FN:59,(anonymous_6)
FN:68,(anonymous_7)
FN:74,(anonymous_8)
FNF:9
FNH:9
FNDA:8,(anonymous_0)
FNDA:80,(anonymous_1)
FNDA:6,(anonymous_2)
FNDA:20,(anonymous_3)
FNDA:9,(anonymous_4)
FNDA:7,(anonymous_5)
FNDA:2,(anonymous_6)
FNDA:2,(anonymous_7)
FNDA:3,(anonymous_8)
DA:3,2
DA:4,8
DA:5,80
DA:6,8
DA:7,8
DA:9,8
DA:10,6
DA:11,6
DA:12,6
DA:13,20
DA:14,3
DA:15,3
DA:17,17
DA:18,17
DA:29,8
DA:30,9
DA:33,9
DA:35,9
DA:36,7
DA:37,2
DA:40,8
DA:42,7
DA:44,7
DA:46,6
DA:49,6
DA:50,4
DA:51,4
DA:58,2
DA:59,2
DA:60,2
DA:61,2
DA:62,2
DA:63,2
DA:65,1
DA:68,8
DA:74,3
DA:75,1
DA:76,1
DA:79,8
LF:39
LH:39
BRDA:9,0,0,0
BRDA:13,1,0,3
BRDA:13,1,1,17
BRDA:35,2,0,7
BRDA:35,2,1,2
BRDA:44,3,0,6
BRDA:44,3,1,1
BRDA:49,4,0,4
BRDA:49,4,1,2
BRDA:74,5,0,1
BRDA:74,5,1,1
BRF:11
BRH:10
end_of_record
TN:
SF:src/factories/player.js
FN:3,(anonymous_0)
FN:4,(anonymous_1)
FN:14,(anonymous_2)
FN:24,(anonymous_3)
FNF:4
FNH:4
FNDA:4,(anonymous_0)
FNDA:2,(anonymous_1)
FNDA:1,(anonymous_2)
FNDA:2,(anonymous_3)
DA:3,2
DA:4,4
DA:5,2
DA:6,2
DA:7,2
DA:14,4
DA:15,1
DA:17,1
DA:18,0
DA:21,1
DA:24,4
DA:25,2
DA:28,4
LF:13
LH:12
BRDA:3,0,0,0
BRF:1
BRH:0
end_of_record
TN:
SF:src/factories/ship.js
FN:1,(anonymous_0)
FN:2,(anonymous_1)
FN:3,(anonymous_2)
FN:4,(anonymous_3)
FN:4,(anonymous_4)
FNF:5
FNH:5
FNDA:10,(anonymous_0)
FNDA:37,(anonymous_1)
FNDA:5,(anonymous_2)
FNDA:2,(anonymous_3)
FNDA:3,(anonymous_4)
DA:1,3
DA:2,37
DA:3,10
DA:4,10
DA:5,10
LF:5
LH:5
BRDA:1,0,0,6
BRF:1
BRH:1
end_of_record
